<?xml version="1.0" encoding="UTF-8"?>
<!-- Generated by org.testng.reporters.JUnitReportReporter -->
<testsuite skipped="0" hostname="MTYTM15415WV1" name="tests.LoginTests" tests="2" failures="0" timestamp="26 Nov 2018 20:12:21 GMT" time="34.859" errors="0">
  <testcase name="invalidLoginTest_InvalidUserNameInvalidPassword" time="21.889" classname="tests.LoginTests"/>
  <testcase name="invalidLoginTest_EmptyUserEmptyPassword" time="12.970" classname="tests.LoginTests"/>
</testsuite> <!-- tests.LoginTests -->
