<?xml version="1.0" encoding="UTF-8"?>
<!-- Generated by org.testng.reporters.JUnitReportReporter -->
<testsuite skipped="0" hostname="MTYTM15415WV1" name="tests.LoginTests" tests="2" failures="0" timestamp="05 Dec 2018 21:53:32 GMT" time="31.435" errors="0">
  <testcase name="invalidLoginTest_InvalidUserNameInvalidPassword" time="20.268" classname="tests.LoginTests"/>
  <testcase name="invalidLoginTest_EmptyUserEmptyPassword" time="11.167" classname="tests.LoginTests"/>
</testsuite> <!-- tests.LoginTests -->
